0 info it worked if it ends with ok
1 verbose cli [ '/Users/marcinmrotek/.nvm/versions/node/v6.2.2/bin/node',
1 verbose cli   '/Users/marcinmrotek/.nvm/versions/node/v6.2.2/bin/npm',
1 verbose cli   'run',
1 verbose cli   'build' ]
2 info using npm@3.9.5
3 info using node@v6.2.2
4 verbose run-script [ 'prebuild', 'build', 'postbuild' ]
5 info lifecycle bulbthings-server@1.0.0~prebuild: bulbthings-server@1.0.0
6 silly lifecycle bulbthings-server@1.0.0~prebuild: no script for prebuild, continuing
7 info lifecycle bulbthings-server@1.0.0~build: bulbthings-server@1.0.0
8 verbose lifecycle bulbthings-server@1.0.0~build: unsafe-perm in lifecycle true
9 verbose lifecycle bulbthings-server@1.0.0~build: PATH: /Users/marcinmrotek/.nvm/versions/node/v6.2.2/lib/node_modules/npm/bin/node-gyp-bin:/Users/marcinmrotek/Repositories/bulbthings/server/node_modules/.bin:/Users/marcinmrotek/.nvm/versions/node/v6.2.2/bin:/Users/marcinmrotek/.nvm/versions/node/v6.2.2/bin:/usr/local/bin:/usr/bin:/bin:/usr/sbin:/sbin:/opt/X11/bin:/usr/local/git/bin
10 verbose lifecycle bulbthings-server@1.0.0~build: CWD: /Users/marcinmrotek/Repositories/bulbthings/server
11 silly lifecycle bulbthings-server@1.0.0~build: Args: [ '-c',
11 silly lifecycle   'babel ./ -d dist --ignore *.spec.js, /node_modules && cp package.json ./dist/package.json && cp Procfile ./dist/Procfile' ]
12 silly lifecycle bulbthings-server@1.0.0~build: Returned: code: 2  signal: null
13 info lifecycle bulbthings-server@1.0.0~build: Failed to exec build script
14 verbose stack Error: bulbthings-server@1.0.0 build: `babel ./ -d dist --ignore *.spec.js, /node_modules && cp package.json ./dist/package.json && cp Procfile ./dist/Procfile`
14 verbose stack Exit status 2
14 verbose stack     at EventEmitter.<anonymous> (/Users/marcinmrotek/.nvm/versions/node/v6.2.2/lib/node_modules/npm/lib/utils/lifecycle.js:245:16)
14 verbose stack     at emitTwo (events.js:106:13)
14 verbose stack     at EventEmitter.emit (events.js:191:7)
14 verbose stack     at ChildProcess.<anonymous> (/Users/marcinmrotek/.nvm/versions/node/v6.2.2/lib/node_modules/npm/lib/utils/spawn.js:24:14)
14 verbose stack     at emitTwo (events.js:106:13)
14 verbose stack     at ChildProcess.emit (events.js:191:7)
14 verbose stack     at maybeClose (internal/child_process.js:852:16)
14 verbose stack     at Process.ChildProcess._handle.onexit (internal/child_process.js:215:5)
15 verbose pkgid bulbthings-server@1.0.0
16 verbose cwd /Users/marcinmrotek/Repositories/bulbthings/server
17 error Darwin 14.5.0
18 error argv "/Users/marcinmrotek/.nvm/versions/node/v6.2.2/bin/node" "/Users/marcinmrotek/.nvm/versions/node/v6.2.2/bin/npm" "run" "build"
19 error node v6.2.2
20 error npm  v3.9.5
21 error code ELIFECYCLE
22 error bulbthings-server@1.0.0 build: `babel ./ -d dist --ignore *.spec.js, /node_modules && cp package.json ./dist/package.json && cp Procfile ./dist/Procfile`
22 error Exit status 2
23 error Failed at the bulbthings-server@1.0.0 build script 'babel ./ -d dist --ignore *.spec.js, /node_modules && cp package.json ./dist/package.json && cp Procfile ./dist/Procfile'.
23 error Make sure you have the latest version of node.js and npm installed.
23 error If you do, this is most likely a problem with the bulbthings-server package,
23 error not with npm itself.
23 error Tell the author that this fails on your system:
23 error     babel ./ -d dist --ignore *.spec.js, /node_modules && cp package.json ./dist/package.json && cp Procfile ./dist/Procfile
23 error You can get information on how to open an issue for this project with:
23 error     npm bugs bulbthings-server
23 error Or if that isn't available, you can get their info via:
23 error     npm owner ls bulbthings-server
23 error There is likely additional logging output above.
24 verbose exit [ 1, true ]
